{
  "0 debug pnpm:scope": {
    "selected": 1
  },
  "1 error pnpm": {
    "errno": 1,
    "code": "ELIFECYCLE",
    "pkgid": "next2ts@6.0.3",
    "stage": "start",
    "script": "node dist/src/index.js",
    "pkgname": "next2ts",
    "err": {
      "name": "pnpm",
      "message": "next2ts@6.0.3 start: `node dist/src/index.js`\nExit status 1",
      "code": "ELIFECYCLE",
      "stack": "pnpm: next2ts@6.0.3 start: `node dist/src/index.js`\nExit status 1\n    at EventEmitter.<anonymous> (/home/veritem/.nvm/versions/node/v16.12.0/pnpm-global/5/node_modules/.pnpm/pnpm@6.19.0/node_modules/pnpm/dist/pnpm.cjs:104979:20)\n    at EventEmitter.emit (node:events:390:28)\n    at ChildProcess.<anonymous> (/home/veritem/.nvm/versions/node/v16.12.0/pnpm-global/5/node_modules/.pnpm/pnpm@6.19.0/node_modules/pnpm/dist/pnpm.cjs:92968:18)\n    at ChildProcess.emit (node:events:390:28)\n    at maybeClose (node:internal/child_process:1064:16)\n    at Process.ChildProcess._handle.onexit (node:internal/child_process:301:5)"
    }
  },
  "2 warn pnpm:global": " Local package.json exists, but node_modules missing, did you mean to install?"
}